<?xml version="1.0" encoding="UTF-8"?>
<!-- Generated by org.testng.reporters.JUnitReportReporter -->
<testsuite hostname="macbook-pro.local" name="net.binout.codestory2013.HeinRestServiceIT" tests="23" failures="0" timestamp="19 Jan 2013 20:28:12 GMT" time="19.434" errors="0">
  <testcase name="get_should_return_response" time="1.007" classname="net.binout.codestory2013.HeinRestServiceIT"/>
  <testcase name="get_should_return_response" time="1.011" classname="net.binout.codestory2013.HeinRestServiceIT"/>
  <testcase name="get_should_return_bad_equest_for_unkwon_question" time="1.011" classname="net.binout.codestory2013.HeinRestServiceIT"/>
  <testcase name="get_should_return_response_with_ok_status" time="1.005" classname="net.binout.codestory2013.HeinRestServiceIT"/>
  <testcase name="get_scalaskel_should_return_json_result" time="0.998" classname="net.binout.codestory2013.HeinRestServiceIT"/>
  <testcase name="get_should_return_response_with_ok_status" time="1.008" classname="net.binout.codestory2013.HeinRestServiceIT"/>
  <testcase name="get_should_return_response_with_ok_status" time="1.005" classname="net.binout.codestory2013.HeinRestServiceIT"/>
  <testcase name="get_should_return_response_with_ok_status" time="1.007" classname="net.binout.codestory2013.HeinRestServiceIT"/>
  <testcase name="get_unknown_request_should_return_response_with_bad_request_status" time="1.004" classname="net.binout.codestory2013.HeinRestServiceIT"/>
  <testcase name="get_scalaskel_0_should_return_bad_request" time="0.194" classname="net.binout.codestory2013.HeinRestServiceIT"/>
  <testcase name="get_scalaskel_101_should_return_bad_request" time="0.005" classname="net.binout.codestory2013.HeinRestServiceIT"/>
  <testcase name="get_should_return_response_with_ok_status" time="1.005" classname="net.binout.codestory2013.HeinRestServiceIT"/>
  <testcase name="get_should_return_response" time="0.007" classname="net.binout.codestory2013.HeinRestServiceIT"/>
  <testcase name="get_should_return_response" time="1.004" classname="net.binout.codestory2013.HeinRestServiceIT"/>
  <testcase name="get_should_return_response_with_ok_status" time="1.007" classname="net.binout.codestory2013.HeinRestServiceIT"/>
  <testcase name="get_should_return_response" time="1.005" classname="net.binout.codestory2013.HeinRestServiceIT"/>
  <testcase name="get_should_return_response_with_ok_status" time="1.011" classname="net.binout.codestory2013.HeinRestServiceIT"/>
  <testcase name="get_should_return_response_with_ok_status" time="1.002" classname="net.binout.codestory2013.HeinRestServiceIT"/>
  <testcase name="get_should_return_response" time="1.005" classname="net.binout.codestory2013.HeinRestServiceIT"/>
  <testcase name="get_scalaskel_should_return_json_result" time="0.018" classname="net.binout.codestory2013.HeinRestServiceIT"/>
  <testcase name="get_should_return_response" time="1.098" classname="net.binout.codestory2013.HeinRestServiceIT"/>
  <testcase name="get_should_return_response" time="1.005" classname="net.binout.codestory2013.HeinRestServiceIT"/>
  <testcase name="post_enonce_should_response_created_status" time="1.012" classname="net.binout.codestory2013.HeinRestServiceIT"/>
</testsuite> <!-- net.binout.codestory2013.HeinRestServiceIT -->
