<?xml version="1.0" encoding="UTF-8"?>
<!-- Generated by org.testng.reporters.JUnitReportReporter -->
<testsuite hostname="macbook-pro.local" name="net.binout.codestory2013.scalaskel.ScalaskelTest" tests="8" failures="0" timestamp="19 Jan 2013 20:27:52 GMT" time="2.107" errors="0">
  <testcase name="compute_scalaskel_change" time="0.001" classname="net.binout.codestory2013.scalaskel.ScalaskelTest"/>
  <testcase name="compute_scalaskel_change_for_100" time="2.024" classname="net.binout.codestory2013.scalaskel.ScalaskelTest"/>
  <testcase name="compute_scalaskel_change" time="0.001" classname="net.binout.codestory2013.scalaskel.ScalaskelTest"/>
  <testcase name="compute_scalaskel_change" time="0.001" classname="net.binout.codestory2013.scalaskel.ScalaskelTest"/>
  <testcase name="compute_scalaskel_change" time="0.001" classname="net.binout.codestory2013.scalaskel.ScalaskelTest"/>
  <testcase name="compute_scalaskel_change" time="0.001" classname="net.binout.codestory2013.scalaskel.ScalaskelTest"/>
  <testcase name="compute_scalaskel_change" time="0.077" classname="net.binout.codestory2013.scalaskel.ScalaskelTest"/>
  <testcase name="compute_scalaskel_change" time="0.001" classname="net.binout.codestory2013.scalaskel.ScalaskelTest"/>
</testsuite> <!-- net.binout.codestory2013.scalaskel.ScalaskelTest -->
