<?xml version="1.0" encoding="UTF-8"?>
<!-- Generated by org.testng.reporters.JUnitReportReporter -->
<testsuite hostname="macbook-pro.local" name="net.binout.codestory2013.calculator.RhinoCalculatorTest" tests="2" failures="0" timestamp="19 Jan 2013 20:21:22 GMT" time="0.099" errors="0">
  <testcase name="should_compute_simple_add" time="0.095" classname="net.binout.codestory2013.calculator.RhinoCalculatorTest"/>
  <testcase name="should_compute_simple_add" time="0.004" classname="net.binout.codestory2013.calculator.RhinoCalculatorTest"/>
</testsuite> <!-- net.binout.codestory2013.calculator.RhinoCalculatorTest -->
